This is pdfTeX, Version 3.14159265-2.6-1.40.17 (MiKTeX 2.9) (preloaded format=pdflatex 2016.9.2)  29 SEP 2016 15:24
entering extended mode
**./jok13_dissertation.tex
(jok13_dissertation.tex
LaTeX2e <2016/03/31> patch level 3
Babel <3.9r> and hyphenation patterns for 75 language(s) loaded.
("D:\MiKTeX 2.9\tex\latex\base\report.cls"
Document Class: report 2014/09/29 v1.4h Standard LaTeX document class
("D:\MiKTeX 2.9\tex\latex\base\size11.clo"
File: size11.clo 2014/09/29 v1.4h Standard LaTeX file (size option)
)
\c@part=\count79
\c@chapter=\count80
\c@section=\count81
\c@subsection=\count82
\c@subsubsection=\count83
\c@paragraph=\count84
\c@subparagraph=\count85
\c@figure=\count86
\c@table=\count87
\abovecaptionskip=\skip41
\belowcaptionskip=\skip42
\bibindent=\dimen102
) (mmp.sty
Package: mmp 

("D:\MiKTeX 2.9\tex\latex\graphics\graphicx.sty"
Package: graphicx 2014/10/28 v1.0g Enhanced LaTeX Graphics (DPC,SPQR)

("D:\MiKTeX 2.9\tex\latex\graphics\keyval.sty"
Package: keyval 2014/10/28 v1.15 key=value parser (DPC)
\KV@toks@=\toks14
)
("D:\MiKTeX 2.9\tex\latex\graphics\graphics.sty"
Package: graphics 2016/07/10 v1.0t Standard LaTeX Graphics (DPC,SPQR)

("D:\MiKTeX 2.9\tex\latex\graphics\trig.sty"
Package: trig 2016/01/03 v1.10 sin cos tan (DPC)
)
("D:\MiKTeX 2.9\tex\latex\00miktex\graphics.cfg"
File: graphics.cfg 2016/06/04 v1.11 sample graphics configuration
)
Package graphics Info: Driver file: pdftex.def on input line 99.

("D:\MiKTeX 2.9\tex\latex\graphics-def\pdftex.def"
File: pdftex.def 2016/07/10 v0.06j Graphics/color for pdfTeX

("D:\MiKTeX 2.9\tex\generic\oberdiek\infwarerr.sty"
Package: infwarerr 2016/05/16 v1.4 Providing info/warning/error messages (HO)
)
("D:\MiKTeX 2.9\tex\generic\oberdiek\ltxcmds.sty"
Package: ltxcmds 2016/05/16 v1.23 LaTeX kernel commands for general use (HO)
)
\Gread@gobject=\count88
))
\Gin@req@height=\dimen103
\Gin@req@width=\dimen104
)
("D:\MiKTeX 2.9\tex\latex\psnfss\palatino.sty"
Package: palatino 2005/04/12 PSNFSS-v9.2a (SPQR) 
)
("D:\MiKTeX 2.9\tex\latex\carlisle\plain.sty"
Package: plain 1996/04/22 Plain TeX emulation (DPC)
\tabs@latex=\box26
\tabsyet@latex=\box27
\tabsdone@latex=\box28
)
("D:\MiKTeX 2.9\tex\latex\amsmath\amsmath.sty"
Package: amsmath 2016/06/28 v2.15d AMS math features
\@mathmargin=\skip43

For additional information on amsmath, use the `?' option.
("D:\MiKTeX 2.9\tex\latex\amsmath\amstext.sty"
Package: amstext 2000/06/29 v2.01 AMS text

("D:\MiKTeX 2.9\tex\latex\amsmath\amsgen.sty"
File: amsgen.sty 1999/11/30 v2.0 generic functions
\@emptytoks=\toks15
\ex@=\dimen105
))
("D:\MiKTeX 2.9\tex\latex\amsmath\amsbsy.sty"
Package: amsbsy 1999/11/29 v1.2d Bold Symbols
\pmbraise@=\dimen106
)
("D:\MiKTeX 2.9\tex\latex\amsmath\amsopn.sty"
Package: amsopn 2016/03/08 v2.02 operator names
)
\inf@bad=\count89
LaTeX Info: Redefining \frac on input line 199.
\uproot@=\count90
\leftroot@=\count91
LaTeX Info: Redefining \overline on input line 297.
\classnum@=\count92
\DOTSCASE@=\count93
LaTeX Info: Redefining \ldots on input line 394.
LaTeX Info: Redefining \dots on input line 397.
LaTeX Info: Redefining \cdots on input line 518.
\Mathstrutbox@=\box29
\strutbox@=\box30
\big@size=\dimen107
LaTeX Font Info:    Redeclaring font encoding OML on input line 634.
LaTeX Font Info:    Redeclaring font encoding OMS on input line 635.
\macc@depth=\count94
\c@MaxMatrixCols=\count95
\dotsspace@=\muskip10
\c@parentequation=\count96
\dspbrk@lvl=\count97
\tag@help=\toks16
\row@=\count98
\column@=\count99
\maxfields@=\count100
\andhelp@=\toks17
\eqnshift@=\dimen108
\alignsep@=\dimen109
\tagshift@=\dimen110
\tagwidth@=\dimen111
\totwidth@=\dimen112
\lineht@=\dimen113
\@envbody=\toks18
\multlinegap=\skip44
\multlinetaggap=\skip45
\mathdisplay@stack=\toks19
LaTeX Info: Redefining \[ on input line 2739.
LaTeX Info: Redefining \] on input line 2740.
)
("D:\MiKTeX 2.9\tex\latex\amsfonts\amsfonts.sty"
Package: amsfonts 2013/01/14 v3.01 Basic AMSFonts support
\symAMSa=\mathgroup4
\symAMSb=\mathgroup5
LaTeX Font Info:    Overwriting math alphabet `\mathfrak' in version `bold'
(Font)                  U/euf/m/n --> U/euf/b/n on input line 106.
)
("D:\MiKTeX 2.9\tex\latex\amsfonts\amssymb.sty"
Package: amssymb 2013/01/14 v3.01 AMS font symbols
)
("D:\MiKTeX 2.9\tex\latex\subfigure\subfigure.sty"
Package: subfigure 2002/07/30 v2.1.4 subfigure package
\subfigtopskip=\skip46
\subfigcapskip=\skip47
\subfigcaptopadj=\dimen114
\subfigbottomskip=\skip48
\subfigcapmargin=\dimen115
\subfiglabelskip=\skip49
\c@subfigure=\count101
\c@lofdepth=\count102
\c@subtable=\count103
\c@lotdepth=\count104

****************************************
* Local config file subfigure.cfg used *
****************************************
("D:\MiKTeX 2.9\tex\latex\subfigure\subfigure.cfg")
\subfig@top=\skip50
\subfig@bottom=\skip51
)
("D:\MiKTeX 2.9\tex\latex\float\float.sty"
Package: float 2001/11/08 v1.3d Float enhancements (AL)
\c@float@type=\count105
\float@exts=\toks20
\float@box=\box31
\@float@everytoks=\toks21
\@floatcapt=\box32
)
("D:\MiKTeX 2.9\tex\latex\psnfss\times.sty"
Package: times 2005/04/12 PSNFSS-v9.2a (SPQR) 
)
("D:\MiKTeX 2.9\tex\latex\fancyhdr\fancyhdr.sty"
Package: fancyhdr 2016/09/06 3.8 Extensive control of page headers and footers
\fancy@headwidth=\skip52
\f@ncyO@elh=\skip53
\f@ncyO@erh=\skip54
\f@ncyO@olh=\skip55
\f@ncyO@orh=\skip56
\f@ncyO@elf=\skip57
\f@ncyO@erf=\skip58
\f@ncyO@olf=\skip59
\f@ncyO@orf=\skip60
)
("D:\MiKTeX 2.9\tex\latex\lastpage\lastpage.sty"
Package: lastpage 2015/03/29 v1.2m Refers to last page's name (HMM; JPG)
)
("D:\MiKTeX 2.9\tex\latex\url\url.sty"
\Urlmuskip=\muskip11
Package: url 2013/09/16  ver 3.4  Verb mode for urls, etc.
)) ("D:\MiKTeX 2.9\tex\latex\cite\cite.sty"
LaTeX Info: Redefining \cite on input line 302.
LaTeX Info: Redefining \nocite on input line 332.
Package: cite 2015/02/27  v 5.5
) (jok13_dissertation.aux (cover.aux) (acknowledgements.aux) (abstract.aux)
(Chapter1/chapter1.aux) (Chapter2/chapter2.aux) (Chapter3/chapter3.aux)
(Chapter4/chapter4.aux) (Chapter5/chapter5.aux) (Appendix1/appendix1.aux)
(Appendix2/appendix2.aux))
\openout1 = `jok13_dissertation.aux'.

LaTeX Font Info:    Checking defaults for OML/cmm/m/it on input line 59.
LaTeX Font Info:    ... okay on input line 59.
LaTeX Font Info:    Checking defaults for T1/cmr/m/n on input line 59.
LaTeX Font Info:    ... okay on input line 59.
LaTeX Font Info:    Checking defaults for OT1/cmr/m/n on input line 59.
LaTeX Font Info:    ... okay on input line 59.
LaTeX Font Info:    Checking defaults for OMS/cmsy/m/n on input line 59.
LaTeX Font Info:    ... okay on input line 59.
LaTeX Font Info:    Checking defaults for OMX/cmex/m/n on input line 59.
LaTeX Font Info:    ... okay on input line 59.
LaTeX Font Info:    Checking defaults for U/cmr/m/n on input line 59.
LaTeX Font Info:    ... okay on input line 59.
LaTeX Font Info:    Try loading font information for OT1+ptm on input line 59.
 ("D:\MiKTeX 2.9\tex\latex\psnfss\ot1ptm.fd"
File: ot1ptm.fd 2001/06/04 font definitions for OT1/ptm.
)
("D:\MiKTeX 2.9\tex\context\base\supp-pdf.mkii"
[Loading MPS to PDF converter (version 2006.09.02).]
\scratchcounter=\count106
\scratchdimen=\dimen116
\scratchbox=\box33
\nofMPsegments=\count107
\nofMParguments=\count108
\everyMPshowfont=\toks22
\MPscratchCnt=\count109
\MPscratchDim=\dimen117
\MPnumerator=\count110
\makeMPintoPDFobject=\count111
\everyMPtoPDFconversion=\toks23
) ("D:\MiKTeX 2.9\tex\generic\oberdiek\pdftexcmds.sty"
Package: pdftexcmds 2016/05/21 v0.22 Utility functions of pdfTeX for LuaTeX (HO
)

("D:\MiKTeX 2.9\tex\generic\oberdiek\ifluatex.sty"
Package: ifluatex 2016/05/16 v1.4 Provides the ifluatex switch (HO)
Package ifluatex Info: LuaTeX not detected.
)
("D:\MiKTeX 2.9\tex\generic\oberdiek\ifpdf.sty"
Package: ifpdf 2016/05/14 v3.1 Provides the ifpdf switch
)
Package pdftexcmds Info: LuaTeX not detected.
Package pdftexcmds Info: \pdf@primitive is available.
Package pdftexcmds Info: \pdf@ifprimitive is available.
Package pdftexcmds Info: \pdfdraftmode found.
)
("D:\MiKTeX 2.9\tex\latex\oberdiek\epstopdf-base.sty"
Package: epstopdf-base 2016/05/15 v2.6 Base part for package epstopdf

("D:\MiKTeX 2.9\tex\latex\oberdiek\grfext.sty"
Package: grfext 2016/05/16 v1.2 Manage graphics extensions (HO)

("D:\MiKTeX 2.9\tex\generic\oberdiek\kvdefinekeys.sty"
Package: kvdefinekeys 2016/05/16 v1.4 Define keys (HO)
))
("D:\MiKTeX 2.9\tex\latex\oberdiek\kvoptions.sty"
Package: kvoptions 2016/05/16 v3.12 Key value format for package options (HO)

("D:\MiKTeX 2.9\tex\generic\oberdiek\kvsetkeys.sty"
Package: kvsetkeys 2016/05/16 v1.17 Key value parser (HO)

("D:\MiKTeX 2.9\tex\generic\oberdiek\etexcmds.sty"
Package: etexcmds 2016/05/16 v1.6 Avoid name clashes with e-TeX commands (HO)
Package etexcmds Info: Could not find \expanded.
(etexcmds)             That can mean that you are not using pdfTeX 1.50 or
(etexcmds)             that some package has redefined \expanded.
(etexcmds)             In the latter case, load this package earlier.
)))
Package epstopdf-base Info: Redefining graphics rule for `.eps' on input line 4
38.
Package grfext Info: Graphics extension search list:
(grfext)             [.png,.pdf,.jpg,.mps,.jpeg,.jbig2,.jb2,.PNG,.PDF,.JPG,.JPE
G,.JBIG2,.JB2,.eps]
(grfext)             \AppendGraphicsExtensions on input line 456.
)
Package lastpage Info: Please have a look at the pageslts package at
(lastpage)             https://www.ctan.org/pkg/pageslts
(lastpage)             ! on input line 59.
\openout2 = `cover.aux'.

 (cover.tex
LaTeX Font Info:    Font shape `OT1/ptm/bx/n' in size <14.4> not available
(Font)              Font shape `OT1/ptm/b/n' tried instead on input line 29.
LaTeX Font Info:    Try loading font information for U+msa on input line 29.

("D:\MiKTeX 2.9\tex\latex\amsfonts\umsa.fd"
File: umsa.fd 2013/01/14 v3.01 AMS symbols A
)
LaTeX Font Info:    Try loading font information for U+msb on input line 29.

("D:\MiKTeX 2.9\tex\latex\amsfonts\umsb.fd"
File: umsb.fd 2013/01/14 v3.01 AMS symbols B
) [0


{C:/ProgramData/MiKTeX/2.9/pdftex/config/pdftex.map}])
\openout2 = `acknowledgements.aux'.

 (acknowledgements.tex
LaTeX Font Info:    Font shape `OT1/ptm/bx/n' in size <17.28> not available
(Font)              Font shape `OT1/ptm/b/n' tried instead on input line 4.
) [1


]
\openout2 = `abstract.aux'.

 (abstract.tex) [2


]
(jok13_dissertation.toc
LaTeX Font Info:    Font shape `OT1/ptm/bx/n' in size <10.95> not available
(Font)              Font shape `OT1/ptm/b/n' tried instead on input line 1.
)
\tf@toc=\write3
\openout3 = `jok13_dissertation.toc'.

 [1

] (jok13_dissertation.lof)
\tf@lof=\write4
\openout4 = `jok13_dissertation.lof'.

 [2]
(jok13_dissertation.lot)
\tf@lot=\write5
\openout5 = `jok13_dissertation.lot'.

 [3]
\openout2 = `Chapter1/chapter1.aux'.

 (Chapter1/chapter1.tex
Chapter 1.
LaTeX Font Info:    Font shape `OT1/ptm/bx/n' in size <20.74> not available
(Font)              Font shape `OT1/ptm/b/n' tried instead on input line 1.
LaTeX Font Info:    Font shape `OT1/ptm/bx/n' in size <24.88> not available
(Font)              Font shape `OT1/ptm/b/n' tried instead on input line 1.
[1


] <Images/AStar_CSdept-SU.png, id=29, 1445.4pt x 782.925pt>
File: Images/AStar_CSdept-SU.png Graphic file (type png)

<use Images/AStar_CSdept-SU.png>
Package pdftex.def Info: Images/AStar_CSdept-SU.png used on input line 54.
(pdftex.def)             Requested size: 426.79134pt x 231.1759pt.

<Images/AStar_CSdept-SU_Foot.png, id=30, 1445.4pt x 782.925pt>
File: Images/AStar_CSdept-SU_Foot.png Graphic file (type png)

<use Images/AStar_CSdept-SU_Foot.png>
Package pdftex.def Info: Images/AStar_CSdept-SU_Foot.png used on input line 56.

(pdftex.def)             Requested size: 426.79134pt x 231.1759pt.
LaTeX Font Info:    Try loading font information for OT1+pcr on input line 57.
 ("D:\MiKTeX 2.9\tex\latex\psnfss\ot1pcr.fd"
File: ot1pcr.fd 2001/06/04 font definitions for OT1/pcr.
)
Underfull \hbox (badness 10000) in paragraph at lines 70--72

 []


Underfull \hbox (badness 10000) in paragraph at lines 76--78

 []

[2] [3 <./Images/AStar_CSdept-SU.png> <./Images/AStar_CSdept-SU_Foot.png>])
[4]
\openout2 = `Chapter2/chapter2.aux'.

 (Chapter2/chapter2.tex
Chapter 2.
[5



] [6]
Overfull \hbox (6.5988pt too wide) in paragraph at lines 66--67
[]\OT1/ptm/m/n/10.95 A cus-tom test-graph has also been de-vel-oped, which is m
eant to ver-ify that the search-algorithms
 []

[7] [8]
Overfull \hbox (6.63527pt too wide) in paragraph at lines 125--126
[]| \OT1/ptm/m/n/10.95 So-lu-tion: Fil-ter out Pillar-Nodes be-fore ap-ply-ing 
any routing-algorithms to the routing-
 []

[9]
LaTeX Font Info:    Font shape `OT1/ptm/bx/n' in size <12> not available
(Font)              Font shape `OT1/ptm/b/n' tried instead on input line 155.
 [10] [11]
Overfull \hbox (1.41444pt too wide) in paragraph at lines 183--184
[]\OT1/ptm/m/n/10.95 Considered: Graph-Hop-per (Promi-nent at-tri-bu-tion + Pub
-licly ac-ces-si-ble ap-pli-ca-tion), Leaflet,
 []

[12] <Images/Way_expansion-order_All.png, id=73, 365.365pt x 401.5pt>
File: Images/Way_expansion-order_All.png Graphic file (type png)

<use Images/Way_expansion-order_All.png>
Package pdftex.def Info: Images/Way_expansion-order_All.png used on input line 
203.
(pdftex.def)             Requested size: 209.1301pt x 229.81308pt.

<Images/Way_expansion-order_Tower-Node.png, id=75, 365.365pt x 401.5pt>
File: Images/Way_expansion-order_Tower-Node.png Graphic file (type png)

<use Images/Way_expansion-order_Tower-Node.png>
Package pdftex.def Info: Images/Way_expansion-order_Tower-Node.png used on inpu
t line 205.
(pdftex.def)             Requested size: 209.1301pt x 229.81308pt.

<Images/Connections_Way.png, id=76, 233.87375pt x 193.72375pt>
File: Images/Connections_Way.png Graphic file (type png)

<use Images/Connections_Way.png>
Package pdftex.def Info: Images/Connections_Way.png used on input line 213.
(pdftex.def)             Requested size: 209.1301pt x 173.23535pt.

<Images/Connections_Way2.png, id=77, 314.17375pt x 203.76125pt>
File: Images/Connections_Way2.png Graphic file (type png)

<use Images/Connections_Way2.png>
Package pdftex.def Info: Images/Connections_Way2.png used on input line 216.
(pdftex.def)             Requested size: 209.1301pt x 135.63321pt.

<Images/AStar_Through_building.png, id=78, 217.5628pt x 344.03531pt>
File: Images/AStar_Through_building.png Graphic file (type png)

<use Images/AStar_Through_building.png>
Package pdftex.def Info: Images/AStar_Through_building.png used on input line 2
26.
(pdftex.def)             Requested size: 213.39566pt x 337.46727pt.
 [13 <./Images/Way_expansion-order_All.png> <./Images/Way_expansion-order_Tower
-Node.png>] [14 <./Images/Connections_Way.png> <./Images/Connections_Way2.png> 
<./Images/AStar_Through_building.png>]
[15]
Overfull \hbox (89.81415pt too wide) in paragraph at lines 255--256
\OT1/ptm/m/n/10.95 weights. The pri-or-ity queue used in this sys-tem was im-po
rted from the Java-library: []\OT1/pcr/m/n/10.95 java.util.PriorityQueue\OT1/pt
m/m/n/10.95 .
 []

) [16]
\openout2 = `Chapter3/chapter3.aux'.

 (Chapter3/chapter3.tex
Chapter 3.
[17



] <Images/AStar_Missing_Node-data.png, id=100, 1445.4pt x 782.925pt>
File: Images/AStar_Missing_Node-data.png Graphic file (type png)

<use Images/AStar_Missing_Node-data.png>
Package pdftex.def Info: Images/AStar_Missing_Node-data.png used on input line 
32.
(pdftex.def)             Requested size: 426.79134pt x 231.1759pt.
 [18 <./Images/AStar_Missing_Node-data.png>] [19] <Images/AStar_Avoids_stairs.p
ng, id=108, 1445.4pt x 782.925pt>
File: Images/AStar_Avoids_stairs.png Graphic file (type png)

<use Images/AStar_Avoids_stairs.png>
Package pdftex.def Info: Images/AStar_Avoids_stairs.png used on input line 67.
(pdftex.def)             Requested size: 426.79134pt x 231.1759pt.

<Images/AStar_Avoids_stairs2.png, id=109, 1445.4pt x 782.925pt>
File: Images/AStar_Avoids_stairs2.png Graphic file (type png)

<use Images/AStar_Avoids_stairs2.png>
Package pdftex.def Info: Images/AStar_Avoids_stairs2.png used on input line 73.

(pdftex.def)             Requested size: 426.79134pt x 231.1759pt.
 [20 <./Images/AStar_Avoids_stairs.png>]
[21 <./Images/AStar_Avoids_stairs2.png>]) [22]
\openout2 = `Chapter4/chapter4.aux'.

 (Chapter4/chapter4.tex
Chapter 4.
[23



] <Images/Custom_graph-Inaccessible.png, id=122, 840.13875pt x 830.10126pt>
File: Images/Custom_graph-Inaccessible.png Graphic file (type png)

<use Images/Custom_graph-Inaccessible.png>
Package pdftex.def Info: Images/Custom_graph-Inaccessible.png used on input lin
e 51.
(pdftex.def)             Requested size: 426.79134pt x 421.68677pt.

<Images/Custom_graph-Longest.png, id=123, 829.0975pt x 835.12pt>
File: Images/Custom_graph-Longest.png Graphic file (type png)

<use Images/Custom_graph-Longest.png>
Package pdftex.def Info: Images/Custom_graph-Longest.png used on input line 58.

(pdftex.def)             Requested size: 426.79134pt x 429.88135pt.

<Images/Custom_graph-Shortest.png, id=124, 840.13875pt x 830.10126pt>
File: Images/Custom_graph-Shortest.png Graphic file (type png)

<use Images/Custom_graph-Shortest.png>
Package pdftex.def Info: Images/Custom_graph-Shortest.png used on input line 65
.
(pdftex.def)             Requested size: 426.79134pt x 421.68677pt.
 [24] [25 <./Images/Custom_graph-Inaccessible.png>] [26 <./Images/Custom_graph-
Longest.png>] [27 <./Images/Custom_graph-Shortest.png>]) [28]
\openout2 = `Chapter5/chapter5.aux'.

 (Chapter5/chapter5.tex
Chapter 5.
[29



] [30] [31]) [32] [33


]
\openout2 = `Appendix1/appendix1.aux'.

 (Appendix1/appendix1.tex
Appendix A.
) [34


]
\openout2 = `Appendix2/appendix2.aux'.

 (Appendix2/appendix2.tex
Appendix B.
) [35



] (jok13_dissertation.bbl
Underfull \hbox (badness 10000) in paragraph at lines 93--96
\OT1/ptm/m/n/10.95 blob / master / mapsforge-[]samples-[]awt / src / main / jav
a / org / mapsforge / samples / awt / Samples .
 []

[36


] [37]) 
AED: lastpage setting LastPage
[38] (jok13_dissertation.aux (cover.aux) (acknowledgements.aux) (abstract.aux)
(Chapter1/chapter1.aux) (Chapter2/chapter2.aux) (Chapter3/chapter3.aux)
(Chapter4/chapter4.aux) (Chapter5/chapter5.aux) (Appendix1/appendix1.aux)
(Appendix2/appendix2.aux)) ) 
Here is how much of TeX's memory you used:
 3410 strings out of 493334
 44893 string characters out of 3145267
 111240 words of memory out of 3000000
 6752 multiletter control sequences out of 15000+200000
 32950 words of font info for 72 fonts, out of 3000000 for 9000
 1141 hyphenation exceptions out of 8191
 40i,11n,45p,1051b,350s stack positions out of 5000i,500n,10000p,200000b,50000s
{D:/MiKTeX 2.9/fonts/enc/dvips/fontname/8r.enc}<D:/
MiKTeX 2.9/fonts/type1/public/amsfonts/cm/cmex10.pfb><D:/MiKTeX 2.9/fonts/type1
/public/amsfonts/cm/cmmi10.pfb><D:/MiKTeX 2.9/fonts/type1/public/amsfonts/cm/cm
mi6.pfb><D:/MiKTeX 2.9/fonts/type1/public/amsfonts/cm/cmmi8.pfb><D:/MiKTeX 2.9/
fonts/type1/public/amsfonts/cm/cmr10.pfb><D:/MiKTeX 2.9/fonts/type1/public/amsf
onts/cm/cmr8.pfb><D:/MiKTeX 2.9/fonts/type1/public/amsfonts/cm/cmsy10.pfb><D:/M
iKTeX 2.9/fonts/type1/public/amsfonts/cm/cmsy8.pfb><D:/MiKTeX 2.9/fonts/type1/u
rw/courier/ucrr8a.pfb><D:/MiKTeX 2.9/fonts/type1/urw/times/utmb8a.pfb><D:/MiKTe
X 2.9/fonts/type1/urw/times/utmr8a.pfb><D:/MiKTeX 2.9/fonts/type1/urw/times/utm
r8a.pfb><D:/MiKTeX 2.9/fonts/type1/urw/times/utmri8a.pfb>
Output written on jok13_dissertation.pdf (44 pages, 2873475 bytes).
PDF statistics:
 220 PDF objects out of 1000 (max. 8388607)
 0 named destinations out of 1000 (max. 500000)
 66 words of extra memory for PDF output out of 10000 (max. 10000000)

